ADD,                              hb,02/15/2018,16:40:55,16:41:13,      18,       0,       0,       0,       5,       0,       0,       0,       0
ADD,                               h,02/15/2018,16:43:13,16:44:21,      68,       0,       0,       0,      46,       1,       0,       0,       0
ADD,                              (-,02/15/2018,17:12:01,17:15:38,     217,       0,       0,       0,      44,       0,       0,       0,       0
ADD,                               6,02/15/2018,17:17:39,17:18:37,      58,       0,       0,       0,      20,       0,       0,       0,       0
ADD,                               t,02/15/2018,17:21:15,17:21:55,      40,       0,       0,       0,      12,       0,       0,       0,       0
ADD,                               1,02/16/2018,19:39:34,19:47:55,     501,       0,       0,       0,     166,      26,       0,       0,       0
ADD,                            knlb,02/16/2018,20:34:08,20:35:00,      52,       0,       0,       0,      17,       2,       0,       0,       0
ADD,                              11,02/16/2018,21:10:38,21:14:30,     232,       0,       0,       0,      64,       0,       0,       0,       0
ADD,                               1,02/16/2018,21:14:56,23:10:23,    6927,       0,       0,       0,      63,       0,       0,       0,       0
ADD,                               1,02/17/2018,20:09:06,20:09:43,      37,       0,       0,       0,      15,       0,       0,       0,       0
ADD,                              11,02/17/2018,20:11:25,20:11:46,      21,       0,       0,       0,       4,       0,       0,       0,       0
ADD,                              22,02/17/2018,20:14:10,20:14:57,      47,       0,       0,       0,       8,       0,       0,       0,       0
ADD,                              22,02/17/2018,20:21:41,20:22:50,      69,       0,       0,       0,       3,       0,       0,       0,       0
ADD,                              22,02/17/2018,20:26:28,20:28:10,     102,       0,       0,       0,       5,       0,       0,       0,       0
ADD,                              22,02/17/2018,21:13:05,21:14:01,      56,       0,       0,       0,       7,       0,       0,       0,       0
ADD,                             222,02/17/2018,21:41:20,21:41:51,      31,       0,       0,       0,      10,       0,       0,       0,       0
ADD,                              22,02/17/2018,21:43:52,21:45:24,      92,       0,       0,       0,      16,       0,       0,       0,       0
ADD,                              22,02/17/2018,21:54:08,21:54:42,      34,       0,       0,       0,      15,       0,       0,       0,       0
ADD,                              22,02/17/2018,21:55:07,21:56:17,      70,       0,       0,       0,      19,       0,       0,       0,       0
ADD,                              22,02/17/2018,21:57:31,21:58:44,      73,       0,       0,       0,      11,       0,       0,       0,       0
ADD,                             222,02/17/2018,22:21:01,22:22:44,     103,       0,       0,       0,      29,       1,       0,       0,       0
ADD,                               2,02/17/2018,22:23:32,22:24:36,      64,       0,       0,       0,      36,       0,       0,       0,       0
ADD,                              22,02/17/2018,22:28:27,22:30:53,     146,       0,       0,       0,      21,       0,       0,       0,       0
ADD,                           22112,02/17/2018,22:41:31,22:43:37,     126,       0,       0,       0,      29,       0,       0,       0,       0
ADD,                             222,02/17/2018,23:00:52,23:01:41,      49,       0,       0,       0,       9,       0,       0,       0,       0
ADD,                           33232,02/17/2018,23:02:54,23:04:22,      88,       0,       0,       0,      10,       0,       0,       0,       0
ADD,                              22,02/17/2018,23:04:58,23:05:38,      40,       0,       0,       0,      19,       0,       0,       0,       0
ADD,                             222,02/17/2018,23:06:07,23:06:57,      50,       0,       0,       0,      16,       0,       0,       0,       0
ADD,                             222,02/17/2018,23:08:05,23:08:16,      11,       0,       0,       0,       5,       0,       0,       0,       0
ADD,                             221,02/18/2018,00:08:01,00:11:21,     200,       0,       0,       0,      15,       0,       0,       0,       0
ADD,                             211,02/18/2018,00:15:53,00:17:55,     122,       0,       0,       0,       6,       0,       0,       0,       0
ADD,                              22,02/18/2018,00:18:05,00:18:41,      36,       0,       0,       0,       3,       0,       0,       0,       0
ADD,                              11,02/18/2018,00:19:21,00:20:53,      92,       0,       0,       0,      17,       0,       0,       0,       0
ADD,                              22,02/18/2018,00:21:35,00:21:55,      20,       0,       0,       0,       6,       0,       0,       0,       0
ADD,                              11,02/18/2018,00:28:08,00:32:05,     237,       0,       0,       0,       6,       0,       0,       0,       0
ADD,                              11,02/18/2018,00:32:13,00:32:39,      26,       0,       0,       0,       8,       0,       0,       0,       0
ADD,                              22,02/18/2018,00:51:35,01:03:15,     700,       0,       0,       0,       4,       0,       0,       0,       0
ADD,                              77,02/18/2018,01:03:49,01:04:12,      23,       0,       0,       0,       2,       0,       0,       0,       0
ADD,                              22,02/18/2018,01:08:15,01:23:58,     943,       0,       0,       0,       5,       0,       0,       0,       0
ADD,                              11,02/18/2018,11:37:08,11:39:15,     127,       0,       0,       0,      45,       2,       0,       0,       0
ADD,                              22,02/18/2018,11:52:12,11:55:16,     184,       0,       1,      13,     121,      10,       0,       0,       0
ADD,                               2,02/18/2018,16:38:55,16:45:53,     418,       0,       0,       0,      41,       2,       0,       0,       0
ADD,                              22,02/18/2018,16:46:06,16:47:30,      84,       0,       0,       0,      14,       1,       0,       0,       0
ADD,                              22,02/18/2018,16:57:32,16:57:48,      16,       0,       0,       0,       4,       0,       0,       0,       0
ADD,                              22,02/18/2018,16:58:31,16:59:38,      67,       0,       0,       0,      48,       1,       0,       0,       0
ADD,                              22,02/18/2018,17:39:23,17:39:42,      19,       0,       0,       0,       0,       0,       0,       0,       0
ADD,                               1,02/18/2018,17:40:02,17:40:13,      11,       0,       0,       0,       1,       0,       0,       0,       0
ADD,                               1,02/18/2018,17:40:56,17:47:16,     380,       0,       1,      13,      20,       0,       0,       0,       0
ADD,                               ",02/18/2018,17:57:28,17:57:39,      11,       0,       0,       0,       1,       0,       0,       0,       0
ADD,                               2,02/18/2018,17:58:03,18:55:08,    3425,       0,       2,      26,    1152,      21,       0,       0,       0
ADD,                               2,02/18/2018,18:57:19,19:11:18,     839,       0,       1,      13,     752,       5,       0,       0,       0
ADD,                               2,02/18/2018,19:12:42,19:19:14,     392,       0,       1,      13,     322,       4,       0,       0,       0
ADD,                              11,02/18/2018,20:34:35,20:34:43,       8,       0,       0,       0,       2,       0,       0,       0,       0
ADD,                              44,02/22/2018,16:10:30,16:10:55,      25,       0,       0,       0,       1,       0,       0,       0,       0
ADD,                              44,02/22/2018,16:11:03,16:11:08,       5,       0,       0,       0,       1,       0,       0,       0,       0
ADD,                              45,02/22/2018,16:13:06,16:13:45,      39,       0,       0,       0,       1,       0,       0,       0,       0
ADD,                              45,02/22/2018,16:15:04,16:15:33,      29,       0,       0,       0,       3,       0,       0,       0,       0
ADD,                              12,02/22/2018,16:20:26,16:25:11,     285,       0,       0,       0,     208,       6,       0,       0,       0
ADD,                               1,05/19/2018,16:16:44,16:19:55,     191,       0,       0,       0,       1,       0,       0,       0,       0
ADD,                               1,07/02/2019,07:37:14,07:37:36,      22,       0,       0,       0,       1,       0,       0,       0,       0
